<?xml version="1.0" encoding="UTF-8"?>
<testsuite xmlns:xsi="http://www.w3.org/2001/XMLSchema-instance" xsi:noNamespaceSchemaLocation="https://maven.apache.org/surefire/maven-surefire-plugin/xsd/surefire-test-report.xsd" version="3.0.2" name="com.guidinglight.nexusquant.app.smoke.L6BQualificationTest" time="334.111" tests="1" errors="0" skipped="0" failures="0">
  <properties>
[...]
</properties>
  <testcase name="shortRestartProbe" classname="com.guidinglight.nexusquant.app.smoke.L6BQualificationTest" time="334.109">
    <system-out><![CDATA[L6_B_ROOT E:\Project\nexus-quant-gateaudit\backend\nq-app\target\l6-b\5970a70e-91bf-4243-a2a1-49aa37c02e6a
B0_PG container=nq-b0-9453bb71-5de5-4181-8350-d8bfd7266726 id=8f6a18c3d3ce0714cc8b012a55651a85ad0e97d97770c7e280f472b3776db0ef url=jdbc:postgresql://127.0.0.1:45222/postgres image=postgres:16@sha256:f1c3376c26f2609ab9f29f71f824103fe2fcd8ee0346485cb6122a4f93df6f94
14:09:48.727 [main] INFO org.flywaydb.core.FlywayExecutor -- Database: jdbc:postgresql://127.0.0.1:45222/nq_f002_b0_f011bd2cf9f44c48ab46eff064c79716 (PostgreSQL 16.15)
14:09:48.801 [main] INFO org.flywaydb.core.internal.schemahistory.JdbcTableSchemaHistory -- Schema history table "public"."flyway_schema_history" does not exist yet
14:09:48.806 [main] INFO org.flywaydb.core.internal.command.DbValidate -- Successfully validated 51 migrations (execution time 00:00.054s)
14:09:48.817 [main] INFO org.flywaydb.core.internal.schemahistory.JdbcTableSchemaHistory -- Creating Schema History table "public"."flyway_schema_history" ...
14:09:48.851 [main] INFO org.flywaydb.core.internal.command.DbMigrate -- Current version of schema "public": << Empty Schema >>
14:09:48.872 [main] INFO org.flywaydb.core.internal.command.DbMigrate -- Migrating schema "public" to version "1 - init"
14:09:48.919 [main] INFO org.flywaydb.core.internal.command.DbMigrate -- Migrating schema "public" to version "2 - gate b schema hardening"
14:09:48.934 [main] INFO org.flywaydb.core.internal.command.DbMigrate -- Migrating schema "public" to version "3 - gate c adapter router"
14:09:48.946 [main] INFO org.flywaydb.core.internal.command.DbMigrate -- Migrating schema "public" to version "4 - gate c trade external order id index"
14:09:48.967 [main] INFO org.flywaydb.core.internal.command.DbMigrate -- Migrating schema "public" to version "5 - gate e schema contract alignment"
14:09:48.991 [main] INFO org.flywaydb.core.internal.sqlscript.DefaultSqlScriptExecutor -- DB: trigger "trg_orders_gatee_metadata" for relation "orders" does not exist, skipping
14:09:48.993 [main] INFO org.flywaydb.core.internal.sqlscript.DefaultSqlScriptExecutor -- DB: trigger "trg_trades_gatee_metadata" for relation "trades" does not exist, skipping
14:09:49.037 [main] INFO org.flywaydb.core.internal.command.DbMigrate -- Migrating schema "public" to version "6 - schema comments backfill"
14:09:49.081 [main] INFO org.flywaydb.core.internal.command.DbMigrate -- Migrating schema "public" to version "7 - gate f1 research backtest skeleton"
14:09:49.095 [main] INFO org.flywaydb.core.internal.command.DbMigrate -- Migrating schema "public" to version "8 - gate f3 simulated execution facts"
14:09:49.109 [main] INFO org.flywaydb.core.internal.command.DbMigrate -- Migrating schema "public" to version "9 - gate f4 evaluation reports"
14:09:49.119 [main] INFO org.flywaydb.core.internal.command.DbMigrate -- Migrating schema "public" to version "10 - gate f5 publish records"
14:09:49.131 [main] INFO org.flywaydb.core.internal.command.DbMigrate -- Migrating schema "public" to version "11 - gate f schema comments backfill"
14:09:49.182 [main] INFO org.flywaydb.core.internal.command.DbMigrate -- Migrating schema "public" to version "12 - rc1 account and credentials"
14:09:49.203 [main] INFO org.flywaydb.core.internal.command.DbMigrate -- Migrating schema "public" to version "13 - rc1 marketdata bars"
14:09:49.212 [main] INFO org.flywaydb.core.internal.command.DbMigrate -- Migrating schema "public" to version "14 - rc1 schema comments backfill"
14:09:49.233 [main] INFO org.flywaydb.core.internal.command.DbMigrate -- Migrating schema "public" to version "15 - gateh pre instrument catalog"
14:09:49.249 [main] INFO org.flywaydb.core.internal.command.DbMigrate -- Migrating schema "public" to version "16 - gate h2 marketdata ingestion"
14:09:49.274 [main] INFO org.flywaydb.core.internal.command.DbMigrate -- Migrating schema "public" to version "17 - gate h2 ingestion created by width"
14:09:49.282 [main] INFO org.flywaydb.core.internal.command.DbMigrate -- Migrating schema "public" to version "18 - gate h3 marketdata dataset binding"
14:09:49.306 [main] INFO org.flywaydb.core.internal.command.DbMigrate -- Migrating schema "public" to version "19 - gate i1 strategy versions"
14:09:49.322 [main] INFO org.flywaydb.core.internal.command.DbMigrate -- Migrating schema "public" to version "20 - gate i2 backtest traceability"
14:09:49.341 [main] INFO org.flywaydb.core.internal.command.DbMigrate -- Migrating schema "public" to version "21 - gate i3 paper trading"
14:09:49.375 [main] INFO org.flywaydb.core.internal.command.DbMigrate -- Migrating schema "public" to version "22 - gate i4 paper trading monitor"
14:09:49.418 [main] INFO org.flywaydb.core.internal.command.DbMigrate -- Migrating schema "public" to version "23 - gate j1 paper run schedules"
14:09:49.445 [main] INFO org.flywaydb.core.internal.command.DbMigrate -- Migrating schema "public" to version "24 - gate j2 paper run daily reports alerts"
14:09:49.468 [main] INFO org.flywaydb.core.internal.command.DbMigrate -- Migrating schema "public" to version "25 - gate j3 paper run recovery stability"
14:09:49.491 [main] INFO org.flywaydb.core.internal.command.DbMigrate -- Migrating schema "public" to version "26 - schema comment business normalization"
14:09:49.537 [main] INFO org.flywaydb.core.internal.command.DbMigrate -- Migrating schema "public" to version "27 - schema master table governance"
14:09:49.550 [main] INFO org.flywaydb.core.internal.command.DbMigrate -- Migrating schema "public" to version "28 - schema research backtest config governance"
14:09:49.564 [main] INFO org.flywaydb.core.internal.command.DbMigrate -- Migrating schema "public" to version "29 - schema credential revocation governance"
14:09:49.583 [main] INFO org.flywaydb.core.internal.command.DbMigrate -- Migrating schema "public" to version "30 - schema credential enable audit event"
14:09:49.592 [main] INFO org.flywaydb.core.internal.command.DbMigrate -- Migrating schema "public" to version "31 - schema credential permission probe"
14:09:49.608 [main] INFO org.flywaydb.core.internal.command.DbMigrate -- Migrating schema "public" to version "32 - gate r shadow run fact model"
14:09:49.647 [main] INFO org.flywaydb.core.internal.command.DbMigrate -- Migrating schema "public" to version "33 - gate v validation review fact model"
14:09:49.676 [main] INFO org.flywaydb.core.internal.command.DbMigrate -- Migrating schema "public" to version "34 - gate w3 venue rule facts"
14:09:49.696 [main] INFO org.flywaydb.core.internal.command.DbMigrate -- Migrating schema "public" to version "35 - gate w4 durable kill switch"
14:09:49.714 [main] INFO org.flywaydb.core.internal.command.DbMigrate -- Migrating schema "public" to version "36 - gate x2 shadow run provenance"
14:09:49.723 [main] INFO org.flywaydb.core.internal.command.DbMigrate -- Migrating schema "public" to version "37 - gate x4b persistent artifact locator"
14:09:49.739 [main] INFO org.flywaydb.core.internal.command.DbMigrate -- Migrating schema "public" to version "38 - gate x5a admission materialization guard"
14:09:49.767 [main] INFO org.flywaydb.core.internal.command.DbMigrate -- Migrating schema "public" to version "39 - gate y2 live session fact model"
14:09:49.842 [main] INFO org.flywaydb.core.internal.command.DbMigrate -- Migrating schema "public" to version "40 - gate y6d pilot scope prerequisite fact model"
14:09:49.896 [main] INFO org.flywaydb.core.internal.command.DbMigrate -- Migrating schema "public" to version "41 - gate y6e minimum order value semantic remediation"
14:09:49.914 [main] INFO org.flywaydb.core.internal.command.DbMigrate -- Migrating schema "public" to version "42 - gate y minimal live pilot execution lease"
14:09:49.940 [main] INFO org.flywaydb.core.internal.command.DbMigrate -- Migrating schema "public" to version "43 - gate y current market snapshot"
14:09:49.959 [main] INFO org.flywaydb.core.internal.command.DbMigrate -- Migrating schema "public" to version "44 - gate y operator pilot authority"
14:09:49.996 [main] INFO org.flywaydb.core.internal.command.DbMigrate -- Migrating schema "public" to version "45 - gate y pre place zero intent recovery"
14:09:50.024 [main] INFO org.flywaydb.core.internal.command.DbMigrate -- Migrating schema "public" to version "46 - gate y attempt level terminal lease regeneration"
14:09:50.040 [main] INFO org.flywaydb.core.internal.command.DbMigrate -- Migrating schema "public" to version "47 - order state optimistic concurrency"
14:09:50.049 [main] INFO org.flywaydb.core.internal.command.DbMigrate -- Migrating schema "public" to version "48 - reconciliation scan cursor"
14:09:50.060 [main] INFO org.flywaydb.core.internal.command.DbMigrate -- Migrating schema "public" to version "49 - ordinary place authorities"
14:09:50.076 [main] INFO org.flywaydb.core.internal.command.DbMigrate -- Migrating schema "public" to version "50 - strategy window admission"
14:09:50.091 [main] INFO org.flywaydb.core.internal.command.DbMigrate -- Migrating schema "public" to version "51 - strategy run durable execution"
14:09:50.125 [main] INFO org.flywaydb.core.internal.command.DbMigrate -- Successfully applied 51 migrations to schema "public", now at version v51 (execution time 00:00.863s)
14:09:50.173 [main] INFO org.flywaydb.core.internal.command.DbValidate -- Successfully validated 51 migrations (execution time 00:00.029s)
B0_PROCESS label=venue pid=15676 command=D:\Tool\Java\Java21\bin\java.exe @E:\Project\nexus-quant-gateaudit\backend\nq-app\target\l6-b\5970a70e-91bf-4243-a2a1-49aa37c02e6a\baseline-preparation\venue.args
B0_PROCESS label=nq-0 pid=44260 command=D:\Tool\Java\Java21\bin\java.exe @E:\Project\nexus-quant-gateaudit\backend\nq-app\target\l6-b\5970a70e-91bf-4243-a2a1-49aa37c02e6a\baseline-preparation\nq-0.args
B0_PROCESS label=nq-1 pid=7924 command=D:\Tool\Java\Java21\bin\java.exe @E:\Project\nexus-quant-gateaudit\backend\nq-app\target\l6-b\5970a70e-91bf-4243-a2a1-49aa37c02e6a\baseline-preparation\nq-1.args
B0_KILLED pid=15676 exit=1
B0_CLEANUP container=nq-b0-9453bb71-5de5-4181-8350-d8bfd7266726 remaining=0
B0_PG container=nq-b0-61e2ed39-4670-4aa4-abb3-2d3514971181 id=00415904ebf43719fae06097ee4e359e65556956e43d8c6298d4d7b73b1bcfb1 url=jdbc:postgresql://127.0.0.1:44556/postgres image=postgres:16@sha256:f1c3376c26f2609ab9f29f71f824103fe2fcd8ee0346485cb6122a4f93df6f94
14:10:02.862 [main] INFO org.flywaydb.core.FlywayExecutor -- Database: jdbc:postgresql://127.0.0.1:44556/nq_f002_b0_7ae78d65a1b54445afdddf2df01b2b05 (PostgreSQL 16.15)
14:10:02.891 [main] INFO org.flywaydb.core.internal.schemahistory.JdbcTableSchemaHistory -- Schema history table "public"."flyway_schema_history" does not exist yet
14:10:02.891 [main] INFO org.flywaydb.core.internal.command.DbValidate -- Successfully validated 51 migrations (execution time 00:00.021s)
14:10:02.897 [main] INFO org.flywaydb.core.internal.schemahistory.JdbcTableSchemaHistory -- Creating Schema History table "public"."flyway_schema_history" ...
14:10:02.910 [main] INFO org.flywaydb.core.internal.command.DbMigrate -- Current version of schema "public": << Empty Schema >>
14:10:02.914 [main] INFO org.flywaydb.core.internal.command.DbMigrate -- Migrating schema "public" to version "1 - init"
14:10:02.947 [main] INFO org.flywaydb.core.internal.command.DbMigrate -- Migrating schema "public" to version "2 - gate b schema hardening"
14:10:02.958 [main] INFO org.flywaydb.core.internal.command.DbMigrate -- Migrating schema "public" to version "3 - gate c adapter router"
14:10:02.967 [main] INFO org.flywaydb.core.internal.command.DbMigrate -- Migrating schema "public" to version "4 - gate c trade external order id index"
14:10:02.978 [main] INFO org.flywaydb.core.internal.command.DbMigrate -- Migrating schema "public" to version "5 - gate e schema contract alignment"
14:10:02.998 [main] INFO org.flywaydb.core.internal.sqlscript.DefaultSqlScriptExecutor -- DB: trigger "trg_orders_gatee_metadata" for relation "orders" does not exist, skipping
14:10:02.999 [main] INFO org.flywaydb.core.internal.sqlscript.DefaultSqlScriptExecutor -- DB: trigger "trg_trades_gatee_metadata" for relation "trades" does not exist, skipping
14:10:03.034 [main] INFO org.flywaydb.core.internal.command.DbMigrate -- Migrating schema "public" to version "6 - schema comments backfill"
14:10:03.071 [main] INFO org.flywaydb.core.internal.command.DbMigrate -- Migrating schema "public" to version "7 - gate f1 research backtest skeleton"
14:10:03.084 [main] INFO org.flywaydb.core.internal.command.DbMigrate -- Migrating schema "public" to version "8 - gate f3 simulated execution facts"
14:10:03.096 [main] INFO org.flywaydb.core.internal.command.DbMigrate -- Migrating schema "public" to version "9 - gate f4 evaluation reports"
14:10:03.105 [main] INFO org.flywaydb.core.internal.command.DbMigrate -- Migrating schema "public" to version "10 - gate f5 publish records"
14:10:03.114 [main] INFO org.flywaydb.core.internal.command.DbMigrate -- Migrating schema "public" to version "11 - gate f schema comments backfill"
14:10:03.162 [main] INFO org.flywaydb.core.internal.command.DbMigrate -- Migrating schema "public" to version "12 - rc1 account and credentials"
14:10:03.179 [main] INFO org.flywaydb.core.internal.command.DbMigrate -- Migrating schema "public" to version "13 - rc1 marketdata bars"
14:10:03.188 [main] INFO org.flywaydb.core.internal.command.DbMigrate -- Migrating schema "public" to version "14 - rc1 schema comments backfill"
14:10:03.209 [main] INFO org.flywaydb.core.internal.command.DbMigrate -- Migrating schema "public" to version "15 - gateh pre instrument catalog"
14:10:03.224 [main] INFO org.flywaydb.core.internal.command.DbMigrate -- Migrating schema "public" to version "16 - gate h2 marketdata ingestion"
14:10:03.246 [main] INFO org.flywaydb.core.internal.command.DbMigrate -- Migrating schema "public" to version "17 - gate h2 ingestion created by width"
14:10:03.253 [main] INFO org.flywaydb.core.internal.command.DbMigrate -- Migrating schema "public" to version "18 - gate h3 marketdata dataset binding"
14:10:03.278 [main] INFO org.flywaydb.core.internal.command.DbMigrate -- Migrating schema "public" to version "19 - gate i1 strategy versions"
14:10:03.295 [main] INFO org.flywaydb.core.internal.command.DbMigrate -- Migrating schema "public" to version "20 - gate i2 backtest traceability"
14:10:03.312 [main] INFO org.flywaydb.core.internal.command.DbMigrate -- Migrating schema "public" to version "21 - gate i3 paper trading"
14:10:03.347 [main] INFO org.flywaydb.core.internal.command.DbMigrate -- Migrating schema "public" to version "22 - gate i4 paper trading monitor"
14:10:03.383 [main] INFO org.flywaydb.core.internal.command.DbMigrate -- Migrating schema "public" to version "23 - gate j1 paper run schedules"
14:10:03.407 [main] INFO org.flywaydb.core.internal.command.DbMigrate -- Migrating schema "public" to version "24 - gate j2 paper run daily reports alerts"
14:10:03.428 [main] INFO org.flywaydb.core.internal.command.DbMigrate -- Migrating schema "public" to version "25 - gate j3 paper run recovery stability"
14:10:03.451 [main] INFO org.flywaydb.core.internal.command.DbMigrate -- Migrating schema "public" to version "26 - schema comment business normalization"
14:10:03.494 [main] INFO org.flywaydb.core.internal.command.DbMigrate -- Migrating schema "public" to version "27 - schema master table governance"
14:10:03.504 [main] INFO org.flywaydb.core.internal.command.DbMigrate -- Migrating schema "public" to version "28 - schema research backtest config governance"
14:10:03.517 [main] INFO org.flywaydb.core.internal.command.DbMigrate -- Migrating schema "public" to version "29 - schema credential revocation governance"
14:10:03.534 [main] INFO org.flywaydb.core.internal.command.DbMigrate -- Migrating schema "public" to version "30 - schema credential enable audit event"
14:10:03.541 [main] INFO org.flywaydb.core.internal.command.DbMigrate -- Migrating schema "public" to version "31 - schema credential permission probe"
14:10:03.555 [main] INFO org.flywaydb.core.internal.command.DbMigrate -- Migrating schema "public" to version "32 - gate r shadow run fact model"
14:10:03.594 [main] INFO org.flywaydb.core.internal.command.DbMigrate -- Migrating schema "public" to version "33 - gate v validation review fact model"
14:10:03.621 [main] INFO org.flywaydb.core.internal.command.DbMigrate -- Migrating schema "public" to version "34 - gate w3 venue rule facts"
14:10:03.638 [main] INFO org.flywaydb.core.internal.command.DbMigrate -- Migrating schema "public" to version "35 - gate w4 durable kill switch"
14:10:03.657 [main] INFO org.flywaydb.core.internal.command.DbMigrate -- Migrating schema "public" to version "36 - gate x2 shadow run provenance"
14:10:03.667 [main] INFO org.flywaydb.core.internal.command.DbMigrate -- Migrating schema "public" to version "37 - gate x4b persistent artifact locator"
14:10:03.681 [main] INFO org.flywaydb.core.internal.command.DbMigrate -- Migrating schema "public" to version "38 - gate x5a admission materialization guard"
14:10:03.709 [main] INFO org.flywaydb.core.internal.command.DbMigrate -- Migrating schema "public" to version "39 - gate y2 live session fact model"
14:10:03.785 [main] INFO org.flywaydb.core.internal.command.DbMigrate -- Migrating schema "public" to version "40 - gate y6d pilot scope prerequisite fact model"
14:10:03.836 [main] INFO org.flywaydb.core.internal.command.DbMigrate -- Migrating schema "public" to version "41 - gate y6e minimum order value semantic remediation"
14:10:03.854 [main] INFO org.flywaydb.core.internal.command.DbMigrate -- Migrating schema "public" to version "42 - gate y minimal live pilot execution lease"
14:10:03.878 [main] INFO org.flywaydb.core.internal.command.DbMigrate -- Migrating schema "public" to version "43 - gate y current market snapshot"
14:10:03.896 [main] INFO org.flywaydb.core.internal.command.DbMigrate -- Migrating schema "public" to version "44 - gate y operator pilot authority"
14:10:03.931 [main] INFO org.flywaydb.core.internal.command.DbMigrate -- Migrating schema "public" to version "45 - gate y pre place zero intent recovery"
14:10:03.959 [main] INFO org.flywaydb.core.internal.command.DbMigrate -- Migrating schema "public" to version "46 - gate y attempt level terminal lease regeneration"
14:10:03.976 [main] INFO org.flywaydb.core.internal.command.DbMigrate -- Migrating schema "public" to version "47 - order state optimistic concurrency"
14:10:03.985 [main] INFO org.flywaydb.core.internal.command.DbMigrate -- Migrating schema "public" to version "48 - reconciliation scan cursor"
14:10:03.994 [main] INFO org.flywaydb.core.internal.command.DbMigrate -- Migrating schema "public" to version "49 - ordinary place authorities"
14:10:04.010 [main] INFO org.flywaydb.core.internal.command.DbMigrate -- Migrating schema "public" to version "50 - strategy window admission"
14:10:04.024 [main] INFO org.flywaydb.core.internal.command.DbMigrate -- Migrating schema "public" to version "51 - strategy run durable execution"
14:10:04.054 [main] INFO org.flywaydb.core.internal.command.DbMigrate -- Successfully applied 51 migrations to schema "public", now at version v51 (execution time 00:00.805s)
14:10:04.088 [main] INFO org.flywaydb.core.internal.command.DbValidate -- Successfully validated 51 migrations (execution time 00:00.022s)
B0_PROCESS label=venue pid=40636 command=D:\Tool\Java\Java21\bin\java.exe @E:\Project\nexus-quant-gateaudit\backend\nq-app\target\l6-b\5970a70e-91bf-4243-a2a1-49aa37c02e6a\venue.args
B0_PROCESS label=nq-0-g0 pid=34172 command=D:\Tool\Java\Java21\bin\java.exe @E:\Project\nexus-quant-gateaudit\backend\nq-app\target\l6-b\5970a70e-91bf-4243-a2a1-49aa37c02e6a\nq-0-g0.args
B0_PROCESS label=nq-1-g0 pid=19660 command=D:\Tool\Java\Java21\bin\java.exe @E:\Project\nexus-quant-gateaudit\backend\nq-app\target\l6-b\5970a70e-91bf-4243-a2a1-49aa37c02e6a\nq-1-g0.args
L6_PROGRESS phase=WARMUP checks=1 orders=1 backlog=0
B0_PROCESS label=nq-0-g1 pid=34384 command=D:\Tool\Java\Java21\bin\java.exe @E:\Project\nexus-quant-gateaudit\backend\nq-app\target\l6-b\5970a70e-91bf-4243-a2a1-49aa37c02e6a\nq-0-g1.args
L6_PROGRESS phase=RESTART_0_RECOVERED checks=3 orders=8 backlog=0
B0_KILLED pid=19660 exit=1
B0_PROCESS label=nq-1-g1 pid=46224 command=D:\Tool\Java\Java21\bin\java.exe @E:\Project\nexus-quant-gateaudit\backend\nq-app\target\l6-b\5970a70e-91bf-4243-a2a1-49aa37c02e6a\nq-1-g1.args
L6_PROGRESS phase=RESTART_1_RECOVERED checks=5 orders=13 backlog=0
B0_KILLED pid=34384 exit=1
B0_PROCESS label=nq-0-g2 pid=27168 command=D:\Tool\Java\Java21\bin\java.exe @E:\Project\nexus-quant-gateaudit\backend\nq-app\target\l6-b\5970a70e-91bf-4243-a2a1-49aa37c02e6a\nq-0-g2.args
L6_PROGRESS phase=RESTART_2_RECOVERED checks=7 orders=18 backlog=0
L6_PROGRESS phase=DRAIN checks=8 orders=21 backlog=0
L6_PROGRESS phase=FINAL checks=9 orders=21 backlog=0
B0_KILLED pid=46224 exit=1
B0_KILLED pid=27168 exit=1
B0_KILLED pid=40636 exit=1
B0_CLEANUP container=nq-b0-61e2ed39-4670-4aa4-abb3-2d3514971181 remaining=0
]]></system-out>
  </testcase>
</testsuite>