<?xml version="1.0" encoding="UTF-8"?>
<testsuite xmlns:xsi="http://www.w3.org/2001/XMLSchema-instance" xsi:noNamespaceSchemaLocation="https://maven.apache.org/surefire/maven-surefire-plugin/xsd/surefire-test-report.xsd" version="3.0.2" name="com.guidinglight.nexusquant.app.smoke.L6BBudgetTest" time="2.08" tests="9" errors="0" skipped="0" failures="0">
  <properties>
[...]
</properties>
  <testcase name="planArtifactCannotEscapeOwnedEvidence" classname="com.guidinglight.nexusquant.app.smoke.L6BBudgetTest" time="0.026"/>
  <testcase name="rawPrefixTamperAndCompressionTestsExecute" classname="com.guidinglight.nexusquant.app.smoke.L6BBudgetTest" time="0.106"/>
  <testcase name="projectionAndMemoryRejectChangedCapacityAndInsufficientHost" classname="com.guidinglight.nexusquant.app.smoke.L6BBudgetTest" time="0.363"/>
  <testcase name="exactFullDurationProjectionIncludesRestartsAndCompressionEvidence" classname="com.guidinglight.nexusquant.app.smoke.L6BBudgetTest" time="0.267"/>
  <testcase name="transactionRunawayCounterRegressionMissingPoolAndDiskRejected" classname="com.guidinglight.nexusquant.app.smoke.L6BBudgetTest" time="0.249"/>
  <testcase name="frozenMemoryReserveDoesNotDoubleCountOwnedAllocation" classname="com.guidinglight.nexusquant.app.smoke.L6BBudgetTest" time="0.002"/>
  <testcase name="gitCheckoutLineEndingsPreserveContentBinding" classname="com.guidinglight.nexusquant.app.smoke.L6BBudgetTest" time="0.002"/>
  <testcase name="candidateInputAdditionRejected" classname="com.guidinglight.nexusquant.app.smoke.L6BBudgetTest" time="0.868"/>
  <testcase name="restartAnalysisNegativeCases" classname="com.guidinglight.nexusquant.app.smoke.L6BBudgetTest" time="0.127"/>
</testsuite>