<?xml version="1.0" encoding="UTF-8"?>
<testsuite xmlns:xsi="http://www.w3.org/2001/XMLSchema-instance" xsi:noNamespaceSchemaLocation="https://maven.apache.org/surefire/maven-surefire-plugin/xsd/surefire-test-report.xsd" version="3.0.2" name="com.guidinglight.nexusquant.app.smoke.L6ActiveStabilityTest" time="118.323" tests="1" errors="0" skipped="0" failures="0">
  <properties>
[...]
</properties>
  <testcase name="activeSoak" classname="com.guidinglight.nexusquant.app.smoke.L6ActiveStabilityTest" time="118.254">
    <system-out><![CDATA[L6_FORMAL_ROOT E:\Project\nexus-quant-gateaudit\backend\nq-app\target\l6-formal\fa631e1a-71b4-4223-9fb5-44a0932e01c8
B0_PG container=nq-b0-d9f52f72-3027-4939-b56a-81b76255e096 id=f9676bdbe124f6e03e7065be14f3d92c17f4826b0269b8d1b655087ccf885c09 url=jdbc:postgresql://127.0.0.1:44903/postgres image=postgres:16@sha256:f1c3376c26f2609ab9f29f71f824103fe2fcd8ee0346485cb6122a4f93df6f94
20:58:23.735 [main] INFO org.flywaydb.core.FlywayExecutor -- Database: jdbc:postgresql://127.0.0.1:44903/nq_f002_b0_c8cad56b17774d02be63da6e3221f11b (PostgreSQL 16.15)
20:58:23.810 [main] INFO org.flywaydb.core.internal.schemahistory.JdbcTableSchemaHistory -- Schema history table "public"."flyway_schema_history" does not exist yet
20:58:23.814 [main] INFO org.flywaydb.core.internal.command.DbValidate -- Successfully validated 51 migrations (execution time 00:00.054s)
20:58:23.826 [main] INFO org.flywaydb.core.internal.schemahistory.JdbcTableSchemaHistory -- Creating Schema History table "public"."flyway_schema_history" ...
20:58:23.860 [main] INFO org.flywaydb.core.internal.command.DbMigrate -- Current version of schema "public": << Empty Schema >>
20:58:23.881 [main] INFO org.flywaydb.core.internal.command.DbMigrate -- Migrating schema "public" to version "1 - init"
20:58:23.932 [main] INFO org.flywaydb.core.internal.command.DbMigrate -- Migrating schema "public" to version "2 - gate b schema hardening"
20:58:23.948 [main] INFO org.flywaydb.core.internal.command.DbMigrate -- Migrating schema "public" to version "3 - gate c adapter router"
20:58:23.961 [main] INFO org.flywaydb.core.internal.command.DbMigrate -- Migrating schema "public" to version "4 - gate c trade external order id index"
20:58:23.984 [main] INFO org.flywaydb.core.internal.command.DbMigrate -- Migrating schema "public" to version "5 - gate e schema contract alignment"
20:58:24.011 [main] INFO org.flywaydb.core.internal.sqlscript.DefaultSqlScriptExecutor -- DB: trigger "trg_orders_gatee_metadata" for relation "orders" does not exist, skipping
20:58:24.012 [main] INFO org.flywaydb.core.internal.sqlscript.DefaultSqlScriptExecutor -- DB: trigger "trg_trades_gatee_metadata" for relation "trades" does not exist, skipping
20:58:24.059 [main] INFO org.flywaydb.core.internal.command.DbMigrate -- Migrating schema "public" to version "6 - schema comments backfill"
20:58:24.102 [main] INFO org.flywaydb.core.internal.command.DbMigrate -- Migrating schema "public" to version "7 - gate f1 research backtest skeleton"
20:58:24.118 [main] INFO org.flywaydb.core.internal.command.DbMigrate -- Migrating schema "public" to version "8 - gate f3 simulated execution facts"
20:58:24.130 [main] INFO org.flywaydb.core.internal.command.DbMigrate -- Migrating schema "public" to version "9 - gate f4 evaluation reports"
20:58:24.139 [main] INFO org.flywaydb.core.internal.command.DbMigrate -- Migrating schema "public" to version "10 - gate f5 publish records"
20:58:24.151 [main] INFO org.flywaydb.core.internal.command.DbMigrate -- Migrating schema "public" to version "11 - gate f schema comments backfill"
20:58:24.204 [main] INFO org.flywaydb.core.internal.command.DbMigrate -- Migrating schema "public" to version "12 - rc1 account and credentials"
20:58:24.224 [main] INFO org.flywaydb.core.internal.command.DbMigrate -- Migrating schema "public" to version "13 - rc1 marketdata bars"
20:58:24.234 [main] INFO org.flywaydb.core.internal.command.DbMigrate -- Migrating schema "public" to version "14 - rc1 schema comments backfill"
20:58:24.257 [main] INFO org.flywaydb.core.internal.command.DbMigrate -- Migrating schema "public" to version "15 - gateh pre instrument catalog"
20:58:24.275 [main] INFO org.flywaydb.core.internal.command.DbMigrate -- Migrating schema "public" to version "16 - gate h2 marketdata ingestion"
20:58:24.300 [main] INFO org.flywaydb.core.internal.command.DbMigrate -- Migrating schema "public" to version "17 - gate h2 ingestion created by width"
20:58:24.311 [main] INFO org.flywaydb.core.internal.command.DbMigrate -- Migrating schema "public" to version "18 - gate h3 marketdata dataset binding"
20:58:24.336 [main] INFO org.flywaydb.core.internal.command.DbMigrate -- Migrating schema "public" to version "19 - gate i1 strategy versions"
20:58:24.355 [main] INFO org.flywaydb.core.internal.command.DbMigrate -- Migrating schema "public" to version "20 - gate i2 backtest traceability"
20:58:24.374 [main] INFO org.flywaydb.core.internal.command.DbMigrate -- Migrating schema "public" to version "21 - gate i3 paper trading"
20:58:24.410 [main] INFO org.flywaydb.core.internal.command.DbMigrate -- Migrating schema "public" to version "22 - gate i4 paper trading monitor"
20:58:24.448 [main] INFO org.flywaydb.core.internal.command.DbMigrate -- Migrating schema "public" to version "23 - gate j1 paper run schedules"
20:58:24.475 [main] INFO org.flywaydb.core.internal.command.DbMigrate -- Migrating schema "public" to version "24 - gate j2 paper run daily reports alerts"
20:58:24.500 [main] INFO org.flywaydb.core.internal.command.DbMigrate -- Migrating schema "public" to version "25 - gate j3 paper run recovery stability"
20:58:24.526 [main] INFO org.flywaydb.core.internal.command.DbMigrate -- Migrating schema "public" to version "26 - schema comment business normalization"
20:58:24.576 [main] INFO org.flywaydb.core.internal.command.DbMigrate -- Migrating schema "public" to version "27 - schema master table governance"
20:58:24.589 [main] INFO org.flywaydb.core.internal.command.DbMigrate -- Migrating schema "public" to version "28 - schema research backtest config governance"
20:58:24.604 [main] INFO org.flywaydb.core.internal.command.DbMigrate -- Migrating schema "public" to version "29 - schema credential revocation governance"
20:58:24.624 [main] INFO org.flywaydb.core.internal.command.DbMigrate -- Migrating schema "public" to version "30 - schema credential enable audit event"
20:58:24.634 [main] INFO org.flywaydb.core.internal.command.DbMigrate -- Migrating schema "public" to version "31 - schema credential permission probe"
20:58:24.649 [main] INFO org.flywaydb.core.internal.command.DbMigrate -- Migrating schema "public" to version "32 - gate r shadow run fact model"
20:58:24.690 [main] INFO org.flywaydb.core.internal.command.DbMigrate -- Migrating schema "public" to version "33 - gate v validation review fact model"
20:58:24.721 [main] INFO org.flywaydb.core.internal.command.DbMigrate -- Migrating schema "public" to version "34 - gate w3 venue rule facts"
20:58:24.740 [main] INFO org.flywaydb.core.internal.command.DbMigrate -- Migrating schema "public" to version "35 - gate w4 durable kill switch"
20:58:24.760 [main] INFO org.flywaydb.core.internal.command.DbMigrate -- Migrating schema "public" to version "36 - gate x2 shadow run provenance"
20:58:24.770 [main] INFO org.flywaydb.core.internal.command.DbMigrate -- Migrating schema "public" to version "37 - gate x4b persistent artifact locator"
20:58:24.785 [main] INFO org.flywaydb.core.internal.command.DbMigrate -- Migrating schema "public" to version "38 - gate x5a admission materialization guard"
20:58:24.822 [main] INFO org.flywaydb.core.internal.command.DbMigrate -- Migrating schema "public" to version "39 - gate y2 live session fact model"
20:58:24.904 [main] INFO org.flywaydb.core.internal.command.DbMigrate -- Migrating schema "public" to version "40 - gate y6d pilot scope prerequisite fact model"
20:58:24.965 [main] INFO org.flywaydb.core.internal.command.DbMigrate -- Migrating schema "public" to version "41 - gate y6e minimum order value semantic remediation"
20:58:24.986 [main] INFO org.flywaydb.core.internal.command.DbMigrate -- Migrating schema "public" to version "42 - gate y minimal live pilot execution lease"
20:58:25.013 [main] INFO org.flywaydb.core.internal.command.DbMigrate -- Migrating schema "public" to version "43 - gate y current market snapshot"
20:58:25.033 [main] INFO org.flywaydb.core.internal.command.DbMigrate -- Migrating schema "public" to version "44 - gate y operator pilot authority"
20:58:25.070 [main] INFO org.flywaydb.core.internal.command.DbMigrate -- Migrating schema "public" to version "45 - gate y pre place zero intent recovery"
20:58:25.097 [main] INFO org.flywaydb.core.internal.command.DbMigrate -- Migrating schema "public" to version "46 - gate y attempt level terminal lease regeneration"
20:58:25.114 [main] INFO org.flywaydb.core.internal.command.DbMigrate -- Migrating schema "public" to version "47 - order state optimistic concurrency"
20:58:25.123 [main] INFO org.flywaydb.core.internal.command.DbMigrate -- Migrating schema "public" to version "48 - reconciliation scan cursor"
20:58:25.133 [main] INFO org.flywaydb.core.internal.command.DbMigrate -- Migrating schema "public" to version "49 - ordinary place authorities"
20:58:25.148 [main] INFO org.flywaydb.core.internal.command.DbMigrate -- Migrating schema "public" to version "50 - strategy window admission"
20:58:25.163 [main] INFO org.flywaydb.core.internal.command.DbMigrate -- Migrating schema "public" to version "51 - strategy run durable execution"
20:58:25.195 [main] INFO org.flywaydb.core.internal.command.DbMigrate -- Successfully applied 51 migrations to schema "public", now at version v51 (execution time 00:00.894s)
20:58:25.243 [main] INFO org.flywaydb.core.internal.command.DbValidate -- Successfully validated 51 migrations (execution time 00:00.030s)
B0_PROCESS label=venue pid=16236 command=D:\Tool\Java\Java21\bin\java.exe @E:\Project\nexus-quant-gateaudit\backend\nq-app\target\l6-formal\fa631e1a-71b4-4223-9fb5-44a0932e01c8\venue.args
B0_PROCESS label=nq-0 pid=7324 command=D:\Tool\Java\Java21\bin\java.exe @E:\Project\nexus-quant-gateaudit\backend\nq-app\target\l6-formal\fa631e1a-71b4-4223-9fb5-44a0932e01c8\nq-0.args
B0_PROCESS label=nq-1 pid=32824 command=D:\Tool\Java\Java21\bin\java.exe @E:\Project\nexus-quant-gateaudit\backend\nq-app\target\l6-formal\fa631e1a-71b4-4223-9fb5-44a0932e01c8\nq-1.args
L6_PROGRESS phase=WARMUP checks=1 orders=1 backlog=0
L6_PROGRESS phase=ACTIVE checks=2 orders=3 backlog=0
L6_PROGRESS phase=ACTIVE checks=3 orders=6 backlog=0
L6_PROGRESS phase=DRAIN checks=4 orders=6 backlog=0
L6_PROGRESS phase=FINAL checks=5 orders=6 backlog=0
B0_KILLED pid=16236 exit=1
B0_CLEANUP container=nq-b0-d9f52f72-3027-4939-b56a-81b76255e096 remaining=0
]]></system-out>
  </testcase>
</testsuite>